build/app/outputs/mapping/release/configuration.txt
# The proguard configuration file for the following section is intermediates\proguard-files\proguard-android.txt-4.1.0
# This is a configuration file for ProGuard.
# http://proguard.sourceforge.net/index.html#manual/usage.html
#
# Starting with version 2.2 of the Android plugin for Gradle, this file is distributed together with
# the plugin and unpacked at build-time. The files in $ANDROID_HOME are no longer maintained and
# will be ignored by new version of the Android plugin for Gradle.

# Optimization is turned off by default. Dex does not like code run
# through the ProGuard optimize steps (and performs some
# of these optimizations on its own).
# Note that if you want to enable optimization, you cannot just
# include optimization flags in your own project configuration file;
# instead you will need to point to the
# "proguard-android-optimize.txt" file instead of this one from your
# project.properties file.
-dontoptimize

-dontusemixedcaseclassnames
-dontskipnonpubliclibraryclasses
-verbose

# Preserve some attributes that may be required for reflection.
-keepattributes *Annotation*,Signature,InnerClasses,EnclosingMethod

-keep public class com.google.vending.licensing.ILicensingService
-keep public class com.android.vending.licensing.ILicensingService
-keep public class com.google.android.vending.licensing.ILicensingService
-dontnote com.android.vending.licensing.ILicensingService
-dontnote com.google.vending.licensing.ILicensingService
-dontnote com.google.android.vending.licensing.ILicensingService

# For native methods, see http://proguard.sourceforge.net/manual/examples.html#native
-keepclasseswithmembernames,includedescriptorclasses class * {
    native <methods>;
}

# Keep setters in Views so that animations can still work.
-keepclassmembers public class * extends android.view.View {
    void set*(***);
    *** get*();
}

# We want to keep methods in Activity that could be used in the XML attribute onClick.
-keepclassmembers class * extends android.app.Activity {
    public void *(android.view.View);
}

# For enumeration classes, see http://proguard.sourceforge.net/manual/examples.html#enumerations
-keepclassmembers enum * {
    public static **[] values();
    public static ** valueOf(java.lang.String);
}

-keepclassmembers class * implements android.os.Parcelable {
    public static final ** CREATOR;
}

# Preserve annotated Javascript interface methods.
-keepclassmembers class * {
    @android.webkit.JavascriptInterface <methods>;
}

# The support libraries contains references to newer platform versions.
# Don't warn about those in case this app is linking against an older
# platform version. We know about them, and they are safe.
-dontnote android.support.**
-dontnote androidx.**
-dontwarn android.support.**
-dontwarn androidx.**

# This class is deprecated, but remains for backward compatibility.
-dontwarn android.util.FloatMath

# Understand the @Keep support annotation.
-keep class android.support.annotation.Keep
-keep class androidx.annotation.Keep

-keep @android.support.annotation.Keep class * {*;}
-keep @androidx.annotation.Keep class * {*;}

-keepclasseswithmembers class * {
    @android.support.annotation.Keep <methods>;
}

-keepclasseswithmembers class * {
    @androidx.annotation.Keep <methods>;
}

-keepclasseswithmembers class * {
    @android.support.annotation.Keep <fields>;
}

-keepclasseswithmembers class * {
    @androidx.annotation.Keep <fields>;
}

-keepclasseswithmembers class * {
    @android.support.annotation.Keep <init>(...);
}

-keepclasseswithmembers class * {
    @androidx.annotation.Keep <init>(...);
}

# These classes are duplicated between android.jar and org.apache.http.legacy.jar.
-dontnote org.apache.http.**
-dontnote android.net.http.**

# These classes are duplicated between android.jar and core-lambda-stubs.jar.
-dontnote java.lang.invoke.**

# End of content from intermediates\proguard-files\proguard-android.txt-4.1.0
# The proguard configuration file for the following section is flutter_tools\gradle\flutter_proguard_rules.pro
# Build the ephemeral app in a module project.
# Prevents: Warning: library class <plugin-package> depends on program class io.flutter.plugin.**
# This is due to plugins (libraries) depending on the embedding (the program jar)
-dontwarn io.flutter.plugin.**

# The android.** package is provided by the OS at runtime.
-dontwarn android.**

# End of content from flutter_tools\gradle\flutter_proguard_rules.pro
# The proguard configuration file for the following section is aapt_proguard_file\release\aapt_rules.txt
-keep class androidx.core.app.CoreComponentFactory { <init>(); }
-keep class androidx.multidex.MultiDexApplication { <init>(); }
-keep class com.gettipsi.stripe.OpenBrowserActivity { <init>(); }
-keep class com.gettipsi.stripe.RedirectUriReceiver { <init>(); }
-keep class com.google.android.gms.common.api.GoogleApiActivity { <init>(); }
-keep class com.google.android.gms.measurement.AppMeasurementJobService { <init>(); }
-keep class com.google.android.gms.measurement.AppMeasurementReceiver { <init>(); }
-keep class com.google.android.gms.measurement.AppMeasurementService { <init>(); }
-keep class com.google.firebase.components.ComponentDiscoveryService { <init>(); }
-keep class com.google.firebase.provider.FirebaseInitProvider { <init>(); }
-keep class com.organisation.samparksetu.MainActivity { <init>(); }
-keep class com.stripe.android.stripe3ds2.views.ChallengeActivity { <init>(); }
-keep class com.stripe.android.stripe3ds2.views.ChallengeProgressDialogActivity { <init>(); }
-keep class com.stripe.android.view.AddPaymentMethodActivity { <init>(); }
-keep class com.stripe.android.view.PaymentAuthWebViewActivity { <init>(); }
-keep class com.stripe.android.view.PaymentFlowActivity { <init>(); }
-keep class com.stripe.android.view.PaymentMethodsActivity { <init>(); }
-keep class com.stripe.android.view.PaymentRelayActivity { <init>(); }
-keep class io.flutter.plugins.urllauncher.WebViewActivity { <init>(); }
-keep class android.widget.Space { <init>(android.content.Context, android.util.AttributeSet); }

-keep class androidx.appcompat.app.AlertController$RecycleListView { <init>(android.content.Context, android.util.AttributeSet); }

-keep class androidx.appcompat.view.menu.ActionMenuItemView { <init>(android.content.Context, android.util.AttributeSet); }

-keep class androidx.appcompat.view.menu.ExpandedMenuView { <init>(android.content.Context, android.util.AttributeSet); }

-keep class androidx.appcompat.view.menu.ListMenuItemView { <init>(android.content.Context, android.util.AttributeSet); }

-keep class androidx.appcompat.widget.ActionBarContainer { <init>(android.content.Context, android.util.AttributeSet); }

-keep class androidx.appcompat.widget.ActionBarContextView { <init>(android.content.Context, android.util.AttributeSet); }

-keep class androidx.appcompat.widget.ActionBarOverlayLayout { <init>(android.content.Context, android.util.AttributeSet); }

-keep class androidx.appcompat.widget.ActionMenuView { <init>(android.content.Context, android.util.AttributeSet); }

-keep class androidx.appcompat.widget.ActivityChooserView$InnerLayout { <init>(android.content.Context, android.util.AttributeSet); }

-keep class androidx.appcompat.widget.AlertDialogLayout { <init>(android.content.Context, android.util.AttributeSet); }

-keep class androidx.appcompat.widget.AppCompatImageView { <init>(android.content.Context, android.util.AttributeSet); }

-keep class androidx.appcompat.widget.AppCompatRadioButton { <init>(android.content.Context, android.util.AttributeSet); }

-keep class androidx.appcompat.widget.AppCompatTextView { <init>(android.content.Context, android.util.AttributeSet); }

-keep class androidx.appcompat.widget.ButtonBarLayout { <init>(android.content.Context, android.util.AttributeSet); }

-keep class androidx.appcompat.widget.ContentFrameLayout { <init>(android.content.Context, android.util.AttributeSet); }

-keep class androidx.appcompat.widget.DialogTitle { <init>(android.content.Context, android.util.AttributeSet); }

-keep class androidx.appcompat.widget.FitWindowsFrameLayout { <init>(android.content.Context, android.util.AttributeSet); }

-keep class androidx.appcompat.widget.FitWindowsLinearLayout { <init>(android.content.Context, android.util.AttributeSet); }

-keep class androidx.appcompat.widget.SearchView$SearchAutoComplete { <init>(android.content.Context, android.util.AttributeSet); }

-keep class androidx.appcompat.widget.Toolbar { <init>(android.content.Context, android.util.AttributeSet); }

-keep class androidx.appcompat.widget.ViewStubCompat { <init>(android.content.Context, android.util.AttributeSet); }

-keep class androidx.coordinatorlayout.widget.CoordinatorLayout { <init>(android.content.Context, android.util.AttributeSet); }

-keep class androidx.core.widget.ContentLoadingProgressBar { <init>(android.content.Context, android.util.AttributeSet); }

-keep class androidx.core.widget.NestedScrollView { <init>(android.content.Context, android.util.AttributeSet); }

-keep class androidx.recyclerview.widget.RecyclerView { <init>(android.content.Context, android.util.AttributeSet); }

-keep class androidx.viewpager.widget.ViewPager { <init>(android.content.Context, android.util.AttributeSet); }

-keep class com.google.android.material.internal.BaselineLayout { <init>(android.content.Context, android.util.AttributeSet); }

-keep class com.google.android.material.internal.CheckableImageButton { <init>(android.content.Context, android.util.AttributeSet); }

-keep class com.google.android.material.internal.NavigationMenuItemView { <init>(android.content.Context, android.util.AttributeSet); }

-keep class com.google.android.material.internal.NavigationMenuView { <init>(android.content.Context, android.util.AttributeSet); }

-keep class com.google.android.material.snackbar.Snackbar$SnackbarLayout { <init>(android.content.Context, android.util.AttributeSet); }

-keep class com.google.android.material.snackbar.SnackbarContentLayout { <init>(android.content.Context, android.util.AttributeSet); }

-keep class com.google.android.material.textfield.TextInputEditText { <init>(android.content.Context, android.util.AttributeSet); }

-keep class com.google.android.material.textfield.TextInputLayout { <init>(android.content.Context, android.util.AttributeSet); }

-keep class com.stripe.android.stripe3ds2.views.BrandZoneView { <init>(android.content.Context, android.util.AttributeSet); }

-keep class com.stripe.android.stripe3ds2.views.ChallengeZoneView { <init>(android.content.Context, android.util.AttributeSet); }

-keep class com.stripe.android.stripe3ds2.views.InformationZoneView { <init>(android.content.Context, android.util.AttributeSet); }

-keep class com.stripe.android.stripe3ds2.views.ThreeDS2Button { <init>(android.content.Context, android.util.AttributeSet); }

-keep class com.stripe.android.stripe3ds2.views.ThreeDS2HeaderTextView { <init>(android.content.Context, android.util.AttributeSet); }

-keep class com.stripe.android.stripe3ds2.views.ThreeDS2TextView { <init>(android.content.Context, android.util.AttributeSet); }

-keep class com.stripe.android.stripe3ds2.views.ThreeDS2WebView { <init>(android.content.Context, android.util.AttributeSet); }

-keep class com.stripe.android.view.CardMultilineWidget { <init>(android.content.Context, android.util.AttributeSet); }

-keep class com.stripe.android.view.CardNumberEditText { <init>(android.content.Context, android.util.AttributeSet); }

-keep class com.stripe.android.view.CountryAutoCompleteTextView { <init>(android.content.Context, android.util.AttributeSet); }

-keep class com.stripe.android.view.ExpiryDateEditText { <init>(android.content.Context, android.util.AttributeSet); }

-keep class com.stripe.android.view.IconTextInputLayout { <init>(android.content.Context, android.util.AttributeSet); }

-keep class com.stripe.android.view.MaskedCardView { <init>(android.content.Context, android.util.AttributeSet); }

-keep class com.stripe.android.view.PaymentAuthWebView { <init>(android.content.Context, android.util.AttributeSet); }

-keep class com.stripe.android.view.SelectShippingMethodWidget { <init>(android.content.Context, android.util.AttributeSet); }

-keep class com.stripe.android.view.ShippingInfoWidget { <init>(android.content.Context, android.util.AttributeSet); }

-keep class com.stripe.android.view.StripeEditText { <init>(android.content.Context, android.util.AttributeSet); }


# End of content from aapt_proguard_file\release\aapt_rules.txt
# The proguard configuration file for the following section is adec23dee2eff4c6b4a9efe69d1ec444\jetified-stripe-android-10.4.6\proguard.txt
# Rules for IconTextInputLayout
-keep class com.google.android.material.textfield.TextInputLayout { *; }
-keep class com.google.android.material.internal.CollapsingTextHelper { *; }

# Rules for BouncyCastle
-keep class org.bouncycastle.jcajce.provider.** { *; }
-keep class org.bouncycastle.jce.provider.** { *; }

-dontwarn com.stripe.android.view.**

# End of content from adec23dee2eff4c6b4a9efe69d1ec444\jetified-stripe-android-10.4.6\proguard.txt
# The proguard configuration file for the following section is 627c8baa38c201ccd8dd46614befe800\jetified-play-services-measurement-api-18.0.2\proguard.txt
# Can be removed once we pull in a dependency on firebase-common that includes
# https://github.com/firebase/firebase-android-sdk/pull/1472/commits/856f1ca1151cdd88679bbc778892f23dfa34fc06#diff-a2ed34b5a38b4c6c686b09e54865eb48
-dontwarn com.google.auto.value.AutoValue
-dontwarn com.google.auto.value.AutoValue$Builder

# We keep all fields for every generated proto file as the runtime uses
# reflection over them that ProGuard cannot detect. Without this keep
# rule, fields may be removed that would cause runtime failures.
-keepclassmembers class * extends com.google.android.gms.internal.measurement.zzhs {
  <fields>;
}

# End of content from 627c8baa38c201ccd8dd46614befe800\jetified-play-services-measurement-api-18.0.2\proguard.txt
# The proguard configuration file for the following section is eedab3cc82df339c1489b634bfa90453\jetified-firebase-common-19.5.0\proguard.txt
-dontwarn com.google.firebase.platforminfo.KotlinDetector
-dontwarn com.google.auto.value.AutoValue
-dontwarn com.google.auto.value.AutoValue$Builder

# End of content from eedab3cc82df339c1489b634bfa90453\jetified-firebase-common-19.5.0\proguard.txt
# The proguard configuration file for the following section is f2d4d3236a4cd0f732f3995ff997b70d\material-1.0.0\proguard.txt
# Copyright (C) 2015 The Android Open Source Project
#
# Licensed under the Apache License, Version 2.0 (the "License");
# you may not use this file except in compliance with the License.
# You may obtain a copy of the License at
#
#      http://www.apache.org/licenses/LICENSE-2.0
#
# Unless required by applicable law or agreed to in writing, software
# distributed under the License is distributed on an "AS IS" BASIS,
# WITHOUT WARRANTIES OR CONDITIONS OF ANY KIND, either express or implied.
# See the License for the specific language governing permissions and
# limitations under the License.

# CoordinatorLayout resolves the behaviors of its child components with reflection.
-keep public class * extends androidx.coordinatorlayout.widget.CoordinatorLayout$Behavior {
    public <init>(android.content.Context, android.util.AttributeSet);
    public <init>();
}

# Make sure we keep annotations for CoordinatorLayout's DefaultBehavior
-keepattributes *Annotation*

# End of content from f2d4d3236a4cd0f732f3995ff997b70d\material-1.0.0\proguard.txt
# The proguard configuration file for the following section is ffefd00dba4e9df4573a644773699840\appcompat-1.0.0\proguard.txt
# Copyright (C) 2018 The Android Open Source Project
#
# Licensed under the Apache License, Version 2.0 (the "License");
# you may not use this file except in compliance with the License.
# You may obtain a copy of the License at
#
#      http://www.apache.org/licenses/LICENSE-2.0
#
# Unless required by applicable law or agreed to in writing, software
# distributed under the License is distributed on an "AS IS" BASIS,
# WITHOUT WARRANTIES OR CONDITIONS OF ANY KIND, either express or implied.
# See the License for the specific language governing permissions and
# limitations under the License.

# Ensure that reflectively-loaded inflater is not obfuscated. This can be
# removed when we stop supporting AAPT1 builds.
-keepnames class androidx.appcompat.app.AppCompatViewInflater

# aapt is not able to read app::actionViewClass and app:actionProviderClass to produce proguard
# keep rules. Add a commonly used SearchView to the keep list until b/109831488 is resolved.
-keep class androidx.appcompat.widget.SearchView { <init>(...); }
# End of content from ffefd00dba4e9df4573a644773699840\appcompat-1.0.0\proguard.txt
# The proguard configuration file for the following section is 03eaec2793585feda506c4305312be1f\jetified-play-services-base-17.0.0\proguard.txt
# b/35135904 Ensure that proguard will not strip the mResultGuardian.
-keepclassmembers class com.google.android.gms.common.api.internal.BasePendingResult {
  com.google.android.gms.common.api.internal.BasePendingResult$ReleasableResultGuardian mResultGuardian;
}

# End of content from 03eaec2793585feda506c4305312be1f\jetified-play-services-base-17.0.0\proguard.txt
# The proguard configuration file for the following section is b11b510cb0a6f39609be175f23aabbac\jetified-play-services-measurement-18.0.2\proguard.txt
# We keep all fields for every generated proto file as the runtime uses
# reflection over them that ProGuard cannot detect. Without this keep
# rule, fields may be removed that would cause runtime failures.
-keepclassmembers class * extends com.google.android.gms.internal.measurement.zzhs {
  <fields>;
}

# End of content from b11b510cb0a6f39609be175f23aabbac\jetified-play-services-measurement-18.0.2\proguard.txt
# The proguard configuration file for the following section is 7ba8c8e5e99ef13c0c27b192e96f6266\jetified-play-services-measurement-sdk-18.0.2\proguard.txt
# We keep all fields for every generated proto file as the runtime uses
# reflection over them that ProGuard cannot detect. Without this keep
# rule, fields may be removed that would cause runtime failures.
-keepclassmembers class * extends com.google.android.gms.internal.measurement.zzhs {
  <fields>;
}

# End of content from 7ba8c8e5e99ef13c0c27b192e96f6266\jetified-play-services-measurement-sdk-18.0.2\proguard.txt
# The proguard configuration file for the following section is 544b493ea498a23ec27e5ebaf6c50de1\jetified-play-services-measurement-impl-18.0.2\proguard.txt
# We keep all fields for every generated proto file as the runtime uses
# reflection over them that ProGuard cannot detect. Without this keep
# rule, fields may be removed that would cause runtime failures.
-keepclassmembers class * extends com.google.android.gms.internal.measurement.zzhs {
  <fields>;
}

# End of content from 544b493ea498a23ec27e5ebaf6c50de1\jetified-play-services-measurement-impl-18.0.2\proguard.txt
# The proguard configuration file for the following section is a97fa6425b64e732ffe0ebd46d1e20d2\jetified-play-services-measurement-sdk-api-18.0.2\proguard.txt
# We keep all fields for every generated proto file as the runtime uses
# reflection over them that ProGuard cannot detect. Without this keep
# rule, fields may be removed that would cause runtime failures.
-keepclassmembers class * extends com.google.android.gms.internal.measurement.zzhs {
  <fields>;
}

# End of content from a97fa6425b64e732ffe0ebd46d1e20d2\jetified-play-services-measurement-sdk-api-18.0.2\proguard.txt
# The proguard configuration file for the following section is bc7d471656a8781b178d5510eefc4ef8\jetified-play-services-measurement-base-18.0.2\proguard.txt
# We keep all fields for every generated proto file as the runtime uses
# reflection over them that ProGuard cannot detect. Without this keep