build/app/outputs/mapping/release/seeds.txt
com.organisation.samparksetu.MainActivity: MainActivity()
com.organisation.samparksetu.MainActivity
...
org.bouncycastle.jcajce.provider.asymmetric.ec.KeyAgreementSpi$CDHwithSHA384KDFAndSharedInfo
org.bouncycastle.jcajce.provider.asymmetric.util.BaseAgreementSpi: java.util.Hashtable des
androidx.appcompat.widget.AppCompatTextView: void setTextFuture(java.util.concurrent.Future)
org.bouncycastle.jcajce.provider.symmetric.CAST5$AlgParams: byte[] engineGetEncoded()
org.bouncycastle.jce.provider.BouncyCastleProvider: void addAlgorithm(java.lang.String,java.lang.String)
org.bouncycastle.jcajce.provider.asymmetric.rsa.ISOSignatureSpi$SHA512WithRSAEncryption: ISOSignatureSpi$SHA512WithRSAEncryption()
com.google.android.gms.internal.measurement.zzdz
org.bouncycastle.jcajce.provider.keystore.bc.BcKeyStoreSpi$StoreEntry: java.security.cert.Certificate[] certChain
org.bouncycastle.jcajce.provider.asymmetric.dh.KeyAgreementSpi$MQVwithSHA384KDF: KeyAgreementSpi$MQVwithSHA384KDF()
org.bouncycastle.jcajce.provider.asymmetric.ec.IESCipher: void engineSetMode(java.lang.String)
com.google.android.gms.internal.measurement.zzbu: int zza
com.google.android.material.floatingactionbutton.FloatingActionButton: void setImageResource(int)
com.google.android.gms.internal.measurement.zzcf: int zza
com.stripe.android.model.StripeIntent$NextActionType: com.stripe.android.model.StripeIntent$NextActionType valueOf(java.lang.String)
org.bouncycastle.jcajce.provider.symmetric.ARIA$AlgParamsCCM: org.bouncycastle.asn1.cms.CCMParameters ccmParams
org.bouncycastle.jcajce.provider.symmetric.SEED$CBC: SEED$CBC()
org.bouncycastle.jcajce.provider.symmetric.GOST3412_2015$CTR
androidx.recyclerview.widget.StaggeredGridLayoutManager
org.bouncycastle.jce.provider.JCERSAPublicKey: JCERSAPublicKey(java.security.interfaces.RSAPublicKey)
com.google.android.gms.internal.measurement.zzby: int zza
org.bouncycastle.jcajce.provider.symmetric.util.PBE$Util: PBE$Util()
org.bouncycastle.jce.provider.JCEECPrivateKey: JCEECPrivateKey(java.lang.String,org.bouncycastle.jce.provider.JCEECPrivateKey)
org.bouncycastle.jcajce.provider.symmetric.Camellia$AlgParams: java.lang.String engineToString()
org.bouncycastle.jcajce.provider.digest.Tiger$PBEWithHashMac: Tiger$PBEWithHashMac()
org.bouncycastle.jcajce.provider.asymmetric.ecgost.KeyAgreementSpi: void initFromKey(java.security.Key,java.security.spec.AlgorithmParameterSpec)
com.stripe.android.view.IconTextInputLayout
org.bouncycastle.jcajce.provider.config.ProviderConfigurationPermission: int permissionMask
org.bouncycastle.jcajce.provider.symmetric.DSTU7624$Mappings: DSTU7624$Mappings()
org.bouncycastle.crypto.PBEParametersGenerator: int iterationCount
org.bouncycastle.jcajce.provider.asymmetric.ec.ECUtils: org.bouncycastle.asn1.x9.X9ECParameters getDomainParametersFromName(java.lang.String)
com.google.android.gms.measurement.internal.AppMeasurementDynamiteService: void setDataCollectionEnabled(boolean)
androidx.appcompat.widget.SearchView: void setMaxWidth(int)
org.bouncycastle.jcajce.provider.asymmetric.ec.GMSignatureSpi$sm3WithSM2: GMSignatureSpi$sm3WithSM2()
org.bouncycastle.jcajce.provider.asymmetric.util.BaseCipherSpi: java.security.AlgorithmParameters engineGetParameters()
org.bouncycastle.jcajce.provider.symmetric.DESede$PBEWithSHAAndDES3Key
androidx.viewpager.widget.ViewPager: void setPageMarginDrawable(android.graphics.drawable.Drawable)
org.bouncycastle.jcajce.provider.digest.Skein$HMacKeyGenerator_1024_512: Skein$HMacKeyGenerator_1024_512()
org.bouncycastle.jce.provider.X509CertificateObject: java.util.Enumeration getBagAttributeKeys()
org.bouncycastle.jcajce.provider.asymmetric.gost.BCGOST3410PublicKey: void readObject(java.io.ObjectInputStream)
androidx.appcompat.widget.ContentFrameLayout
org.bouncycastle.jcajce.provider.drbg.DRBG$URLSeededSecureRandom$2: java.lang.Integer run()
io.flutter.embedding.engine.FlutterJNI: boolean nativeFlutterTextUtilsIsEmoji(int)
org.bouncycastle.jce.provider.OldPKCS12ParametersGenerator: void adjust(byte[],int,byte[])