build/app/outputs/mapping/release/mapping.txt
# compiler: R8
# compiler_version: 2.1.62
# min_api: 20
# pg_map_id: cec2df6
# common_typos_disable
...
androidx.collection.MapCollections -> b.d.f:
    androidx.collection.MapCollections$KeySet mKeySet -> b
    androidx.collection.MapCollections$ValuesCollection mValues -> c
    androidx.collection.MapCollections$EntrySet mEntrySet -> a
    void colClear() -> a
    java.lang.Object colGetEntry(int,int) -> b
    java.util.Map colGetMap() -> c
    int colGetSize() -> d
    int colIndexOfKey(java.lang.Object) -> e
    int colIndexOfValue(java.lang.Object) -> f
    void colPut(java.lang.Object,java.lang.Object) -> g
    void colRemoveAt(int) -> h
    java.lang.Object colSetValue(int,java.lang.Object) -> i
    boolean containsAllHelper(java.util.Map,java.util.Collection) -> j
    boolean equalsSetHelper(java.util.Set,java.lang.Object) -> k
    java.util.Set getEntrySet() -> l
    java.util.Set getKeySet() -> m
    java.util.Collection getValues() -> n
    boolean removeAllHelper(java.util.Map,java.util.Collection) -> o
    boolean retainAllHelper(java.util.Map,java.util.Collection) -> p
    java.lang.Object[] toArrayHelper(int) -> q
    java.lang.Object[] toArrayHelper(java.lang.Object[],int) -> r
androidx.collection.MapCollections$ArrayIterator -> b.d.f$a:
    androidx.collection.MapCollections this$0 -> y
    int mSize -> d
    boolean mCanRemove -> x
    int mOffset -> c
    int mIndex -> q
androidx.collection.MapCollections$EntrySet -> b.d.f$b:
    androidx.collection.MapCollections this$0 -> c
    boolean add(java.util.Map$Entry) -> c
androidx.collection.MapCollections$KeySet -> b.d.f$c:
    androidx.collection.MapCollections this$0 -> c
androidx.collection.MapCollections$MapIterator -> b.d.f$d:
    androidx.collection.MapCollections this$0 -> x
    int mIndex -> d
    boolean mEntryValid -> q
    int mEnd -> c
    java.util.Map$Entry next() -> b
androidx.collection.MapCollections$ValuesCollection -> b.d.f$e:
    androidx.collection.MapCollections this$0 -> c
androidx.collection.SimpleArrayMap -> b.d.g:
    java.lang.Object[] mArray -> d
    java.lang.Object[] mTwiceBaseCache -> M1
    int[] mHashes -> c
    int mBaseCacheSize -> y
    java.lang.Object[] mBaseCache -> x
    int mTwiceBaseCacheSize -> N1
    int mSize -> q
    void allocArrays(int) -> a
    int binarySearchHashes(int[],int,int) -> b
    void ensureCapacity(int) -> c
    void freeArrays(int[],java.lang.Object[],int) -> d
    int indexOf(java.lang.Object,int) -> e
    int indexOfKey(java.lang.Object) -> f
    int indexOfNull() -> g
    int indexOfValue(java.lang.Object) -> h
    java.lang.Object keyAt(int) -> i
    void putAll(androidx.collection.SimpleArrayMap) -> j
    java.lang.Object removeAt(int) -> k
    java.lang.Object setValueAt(int,java.lang.Object) -> l
    java.lang.Object valueAt(int) -> m
androidx.collection.SparseArrayCompat -> b.d.h:
    java.lang.Object DELETED -> y
    java.lang.Object[] mValues -> q
    int[] mKeys -> d
    int mSize -> x
    boolean mGarbage -> c
    void append(int,java.lang.Object) -> a
    void clear() -> b
    androidx.collection.SparseArrayCompat clone() -> c
    void gc() -> d
    java.lang.Object get(int) -> e
    java.lang.Object get(int,java.lang.Object) -> f
    int indexOfKey(int) -> g
    int keyAt(int) -> h
    void put(int,java.lang.Object) -> i
    void remove(int) -> j
    int size() -> l
    java.lang.Object valueAt(int) -> m
androidx.coordinatorlayout.R$attr -> b.e.a:
    int coordinatorLayoutStyle -> a
androidx.coordinatorlayout.R$style -> b.e.b:
    int Widget_Support_CoordinatorLayout -> a