build/app/outputs/mapping/release/usage.txt
com.organisation.samparksetu.R$attr
com.organisation.samparksetu.R$interpolator
com.organisation.samparksetu.R$styleable
com.organisation.samparksetu.R$menu
com.organisation.samparksetu.R$animator
com.organisation.samparksetu.R$layout
com.organisation.samparksetu.R$integer
com.organisation.samparksetu.R$dimen
com.organisation.samparksetu.R$string
com.organisation.samparksetu.R$bool
com.organisation.samparksetu.R$drawable
com.organisation.samparksetu.R$mipmap
com.organisation.samparksetu.R
com.organisation.samparksetu.R$anim
com.organisation.samparksetu.R$color
com.organisation.samparksetu.R$style
com.organisation.samparksetu.BuildConfig
com.organisation.samparksetu.R$id
...
org.bouncycastle.asn1.crmf.CertReqMessages
androidx.media.MediaSessionManagerImplApi21
com.stripe.android.model.Token$TokenType
com.google.firebase.analytics.connector.AnalyticsConnector$AnalyticsConnectorHandle
androidx.drawerlayout.widget.DrawerLayout$DrawerListener
com.google.firebase.analytics.connector.R
kotlin.collections.MovingSubList
org.bouncycastle.asn1.x509.RoleSyntax
com.google.android.gms.common.api.internal.zabz
org.bouncycastle.crypto.prng.FixedSecureRandom
com.google.android.gms.maps.model.zzi
com.google.common.collect.MutableClassToInstanceMap$SerializedForm
android.support.v4.media.MediaMetadataCompat$TextKey
org.bouncycastle.asn1.DERExternalParser:
    public org.bouncycastle.asn1.ASN1Encodable readObject()
com.stripe.android.stripe3ds2.init.ui.StripeTextBoxCustomization:
    public final void setBorderWidth(int)
    public final int getBorderWidth()
    public final void setBorderColor(java.lang.String)
    public final void setCornerRadius(int)
org.bouncycastle.pqc.jcajce.interfaces.StateAwareSignature
org.bouncycastle.crypto.tls.TlsUtils
com.google.firebase.analytics.connector.AnalyticsConnector:
    public abstract void logEvent(java.lang.String,java.lang.String,android.os.Bundle)
    public abstract void setUserProperty(java.lang.String,java.lang.String,java.lang.Object)
    public abstract java.util.Map getUserProperties(boolean)
    public abstract com.google.firebase.analytics.connector.AnalyticsConnector$AnalyticsConnectorHandle registerAnalyticsConnectorListener(java.lang.String,com.google.firebase.analytics.connector.AnalyticsConnector$AnalyticsConnectorListener)
    public abstract void setConditionalUserProperty(com.google.firebase.analytics.connector.AnalyticsConnector$ConditionalUserProperty)
    public abstract void clearConditionalUserProperty(java.lang.String,java.lang.String,android.os.Bundle)
    public abstract java.util.List getConditionalUserProperties(java.lang.String,java.lang.String)
    public abstract int getMaxUserProperties(java.lang.String)
org.bouncycastle.pqc.jcajce.provider.mceliece.McElieceFujisakiCipherSpi$McElieceFujisaki
org.bouncycastle.pqc.crypto.rainbow.RainbowPrivateKeyParameters
com.google.common.collect.RegularImmutableMultiset$1
com.nimbusds.jose.crypto.AESDecrypter
org.bouncycastle.asn1.ASN1ApplicationSpecific:
    protected static int getLengthOfHeader(byte[])
    public org.bouncycastle.asn1.ASN1Primitive getObject()
com.google.android.gms.internal.measurement.zzl:
    public void <init>()
com.google.common.reflect.TypeToken$SimpleTypeToken
com.google.common.reflect.TypeToken$TypeFilter$1
net.minidev.asm.DefaultConverter:
    public static int convertToint(java.lang.Object)
    public static java.lang.Integer convertToInt(java.lang.Object)
    public static short convertToshort(java.lang.Object)
    public static java.lang.Short convertToShort(java.lang.Object)
    public static long convertTolong(java.lang.Object)
    public static java.lang.Long convertToLong(java.lang.Object)
    public static byte convertTobyte(java.lang.Object)
    public static java.lang.Byte convertToByte(java.lang.Object)
    public static float convertTofloat(java.lang.Object)
    public static java.lang.Float convertToFloat(java.lang.Object)
    public static double convertTodouble(java.lang.Object)
    public static java.lang.Double convertToDouble(java.lang.Object)
    public static char convertTochar(java.lang.Object)
    public static java.lang.Character convertToChar(java.lang.Object)
    public static boolean convertTobool(java.lang.Object)
    public static java.lang.Boolean convertToBool(java.lang.Object)
com.google.common.hash.HashFunction